This file contains any messages produced by compilers while
running configure, to aid debugging if configure makes a mistake.

It was created by libpthread_workqueue configure 0.9, which was
generated by GNU Autoconf 2.63.  Invocation command line was

  $ ./configure --bindir=/usr/NextSpace/bin --sbindir=/usr/NextSpace/sbin --datarootdir=/usr/NextSpace/share --libdir=/usr/NextSpace/lib --includedir=/usr/NextSpace/include --mandir=/usr/NextSpace/Documentation/man --docdir=/usr/NextSpace/Documentation/doc

## --------- ##
## Platform. ##
## --------- ##

hostname = cube
uname -m = x86_64
uname -r = 3.10.0-229.7.2.el7.x86_64
uname -s = Linux
uname -v = #1 SMP Tue Jun 23 22:06:11 UTC 2015

/usr/bin/uname -p = x86_64
/bin/uname -X     = unknown

/bin/arch              = x86_64
/usr/bin/arch -k       = unknown
/usr/convex/getsysinfo = unknown
/usr/bin/hostinfo      = unknown
/bin/machine           = unknown
/usr/bin/oslevel       = unknown
/bin/universe          = unknown

PATH: /bin
PATH: /sbin
PATH: /usr/NextSpace/bin
PATH: /Library/bin
PATH: /usr/NextSpace/sbin
PATH: /Library/sbin
PATH: /usr/bin
PATH: /usr/sbin
PATH: /usr/local/bin
PATH: /usr/local/sbin
PATH: /Users/me/bin


## ----------- ##
## Core tests. ##
## ----------- ##

configure:2080: checking build system type
configure:2098: result: x86_64-unknown-linux-gnu
configure:2120: checking host system type
configure:2135: result: x86_64-unknown-linux-gnu
configure:2205: checking for gcc
configure:2221: found /bin/gcc
configure:2232: result: gcc
configure:2464: checking for C compiler version
configure:2472: gcc --version >&5
gcc (GCC) 4.8.3 20140911 (Red Hat 4.8.3-9)
Copyright (C) 2013 Free Software Foundation, Inc.
This is free software; see the source for copying conditions.  There is NO
warranty; not even for MERCHANTABILITY or FITNESS FOR A PARTICULAR PURPOSE.

configure:2476: $? = 0
configure:2483: gcc -v >&5
Using built-in specs.
COLLECT_GCC=gcc
COLLECT_LTO_WRAPPER=/usr/libexec/gcc/x86_64-redhat-linux/4.8.3/lto-wrapper
Target: x86_64-redhat-linux
Configured with: ../configure --prefix=/usr --mandir=/usr/share/man --infodir=/usr/share/info --with-bugurl=http://bugzilla.redhat.com/bugzilla --enable-bootstrap --enable-shared --enable-threads=posix --enable-checking=release --with-system-zlib --enable-__cxa_atexit --disable-libunwind-exceptions --enable-gnu-unique-object --enable-linker-build-id --with-linker-hash-style=gnu --enable-languages=c,c++,objc,obj-c++,java,fortran,ada,go,lto --enable-plugin --enable-initfini-array --disable-libgcj --with-isl=/builddir/build/BUILD/gcc-4.8.3-20140911/obj-x86_64-redhat-linux/isl-install --with-cloog=/builddir/build/BUILD/gcc-4.8.3-20140911/obj-x86_64-redhat-linux/cloog-install --enable-gnu-indirect-function --with-tune=generic --with-arch_32=x86-64 --build=x86_64-redhat-linux
Thread model: posix
gcc version 4.8.3 20140911 (Red Hat 4.8.3-9) (GCC) 
configure:2487: $? = 0
configure:2494: gcc -V >&5
gcc: error: unrecognized command line option '-V'
gcc: fatal error: no input files
compilation terminated.
configure:2498: $? = 4
configure:2521: checking for C compiler default output file name
configure:2543: gcc    conftest.c  >&5
configure:2547: $? = 0
configure:2585: result: a.out
configure:2604: checking whether the C compiler works
configure:2614: ./a.out
configure:2618: $? = 0
configure:2637: result: yes
configure:2644: checking whether we are cross compiling
configure:2646: result: no
configure:2649: checking for suffix of executables
configure:2656: gcc -o conftest    conftest.c  >&5
configure:2660: $? = 0
configure:2686: result: 
configure:2692: checking for suffix of object files
configure:2718: gcc -c   conftest.c >&5
configure:2722: $? = 0
configure:2747: result: o
configure:2751: checking whether we are using the GNU C compiler
configure:2780: gcc -c   conftest.c >&5
configure:2787: $? = 0
configure:2804: result: yes
configure:2813: checking whether gcc accepts -g
configure:2843: gcc -c -g  conftest.c >&5
configure:2850: $? = 0
configure:2951: result: yes
configure:2968: checking for gcc option to accept ISO C89
configure:3042: gcc  -c -g -O2  conftest.c >&5
configure:3049: $? = 0
configure:3072: result: none needed
configure:3090: checking for a sed that does not truncate output
configure:3156: result: /bin/sed
configure:3174: checking for grep that handles long lines and -e
configure:3234: result: /bin/grep
configure:3239: checking for egrep
configure:3303: result: /bin/grep -E
configure:3308: checking for fgrep
configure:3372: result: /bin/grep -F
configure:3407: checking for ld used by gcc
configure:3474: result: /bin/ld
configure:3483: checking if the linker (/bin/ld) is GNU ld
configure:3498: result: yes
configure:3510: checking for BSD- or MS-compatible name lister (nm)
configure:3559: result: /bin/nm -B
configure:3677: checking the name lister (/bin/nm -B) interface
configure:3684: gcc -c -g -O2  conftest.c >&5
configure:3687: /bin/nm -B "conftest.o"
configure:3690: output
0000000000000000 B some_variable
configure:3697: result: BSD nm
configure:3700: checking whether ln -s works
configure:3704: result: yes
configure:3712: checking the maximum length of command line arguments
configure:3832: result: 1572864
configure:3849: checking whether the shell understands some XSI constructs
configure:3859: result: yes
configure:3863: checking whether the shell understands "+="
configure:3869: result: yes
configure:3904: checking for /bin/ld option to reload object files
configure:3911: result: -r
configure:3980: checking for objdump
configure:3996: found /bin/objdump
configure:4007: result: objdump
configure:4039: checking how to recognize dependent libraries
configure:4235: result: pass_all
configure:4295: checking for ar
configure:4311: found /bin/ar
configure:4322: result: ar
configure:4400: checking for strip
configure:4416: found /bin/strip
configure:4427: result: strip
configure:4499: checking for ranlib
configure:4515: found /bin/ranlib
configure:4526: result: ranlib
configure:4616: checking command to parse /bin/nm -B output from gcc object
configure:4734: gcc -c -g -O2  conftest.c >&5
configure:4737: $? = 0
configure:4741: /bin/nm -B conftest.o \| sed -n -e 's/^.*[	 ]\([ABCDGIRSTW][ABCDGIRSTW]*\)[	 ][	 ]*\([_A-Za-z][_A-Za-z0-9]*\)$/\1 \2 \2/p' \> conftest.nm
configure:4744: $? = 0
configure:4798: gcc -o conftest -g -O2   conftest.c conftstm.o >&5
configure:4801: $? = 0
configure:4839: result: ok
configure:4935: gcc -c -g -O2  conftest.c >&5
configure:4938: $? = 0
configure:5706: checking how to run the C preprocessor
configure:5746: gcc -E  conftest.c
configure:5753: $? = 0
configure:5784: gcc -E  conftest.c
conftest.c:8:28: fatal error: ac_nonexistent.h: No such file or directory
 #include <ac_nonexistent.h>
                            ^
compilation terminated.
configure:5791: $? = 1
configure: failed program was:
| /* confdefs.h.  */
| #define PACKAGE_NAME "libpthread_workqueue"
| #define PACKAGE_TARNAME "libpthread_workqueue"
| #define PACKAGE_VERSION "0.9"
| #define PACKAGE_STRING "libpthread_workqueue 0.9"
| #define PACKAGE_BUGREPORT ""
| /* end confdefs.h.  */
| #include <ac_nonexistent.h>
configure:5824: result: gcc -E
configure:5853: gcc -E  conftest.c
configure:5860: $? = 0
configure:5891: gcc -E  conftest.c
conftest.c:8:28: fatal error: ac_nonexistent.h: No such file or directory
 #include <ac_nonexistent.h>
                            ^
compilation terminated.
configure:5898: $? = 1
configure: failed program was:
| /* confdefs.h.  */
| #define PACKAGE_NAME "libpthread_workqueue"
| #define PACKAGE_TARNAME "libpthread_workqueue"
| #define PACKAGE_VERSION "0.9"
| #define PACKAGE_STRING "libpthread_workqueue 0.9"
| #define PACKAGE_BUGREPORT ""
| /* end confdefs.h.  */
| #include <ac_nonexistent.h>
configure:5938: checking for ANSI C header files
configure:5968: gcc -c -g -O2  conftest.c >&5
configure:5975: $? = 0
configure:6074: gcc -o conftest -g -O2   conftest.c  >&5
configure:6078: $? = 0
configure:6084: ./conftest
configure:6088: $? = 0
configure:6106: result: yes
configure:6130: checking for sys/types.h
configure:6151: gcc -c -g -O2  conftest.c >&5
configure:6158: $? = 0
configure:6175: result: yes
configure:6130: checking for sys/stat.h
configure:6151: gcc -c -g -O2  conftest.c >&5
configure:6158: $? = 0
configure:6175: result: yes
configure:6130: checking for stdlib.h
configure:6151: gcc -c -g -O2  conftest.c >&5
configure:6158: $? = 0
configure:6175: result: yes
configure:6130: checking for string.h
configure:6151: gcc -c -g -O2  conftest.c >&5
configure:6158: $? = 0
configure:6175: result: yes
configure:6130: checking for memory.h
configure:6151: gcc -c -g -O2  conftest.c >&5
configure:6158: $? = 0
configure:6175: result: yes
configure:6130: checking for strings.h
configure:6151: gcc -c -g -O2  conftest.c >&5
configure:6158: $? = 0
configure:6175: result: yes
configure:6130: checking for inttypes.h
configure:6151: gcc -c -g -O2  conftest.c >&5
configure:6158: $? = 0
configure:6175: result: yes
configure:6130: checking for stdint.h
configure:6151: gcc -c -g -O2  conftest.c >&5
configure:6158: $? = 0
configure:6175: result: yes
configure:6130: checking for unistd.h
configure:6151: gcc -c -g -O2  conftest.c >&5
configure:6158: $? = 0
configure:6175: result: yes
configure:6193: checking for dlfcn.h
configure:6214: gcc -c -g -O2  conftest.c >&5
configure:6221: $? = 0
configure:6238: result: yes
configure:6424: checking for objdir
configure:6439: result: .libs
configure:6731: checking if gcc supports -fno-rtti -fno-exceptions
configure:6749: gcc -c -g -O2  -fno-rtti -fno-exceptions conftest.c >&5
cc1: warning: command line option '-fno-rtti' is valid for C++/ObjC++ but not for C [enabled by default]
configure:6753: $? = 0
configure:6766: result: no
configure:6786: checking for gcc option to produce PIC
configure:7058: result: -fPIC -DPIC
configure:7070: checking if gcc PIC flag -fPIC -DPIC works
configure:7088: gcc -c -g -O2  -fPIC -DPIC -DPIC conftest.c >&5
configure:7092: $? = 0
configure:7105: result: yes
configure:7129: checking if gcc static flag -static works
configure:7157: result: no
configure:7172: checking if gcc supports -c -o file.o
configure:7193: gcc -c -g -O2  -o out/conftest2.o conftest.c >&5
configure:7197: $? = 0
configure:7219: result: yes
configure:7227: checking if gcc supports -c -o file.o
configure:7274: result: yes
configure:7307: checking whether the gcc linker (/bin/ld -m elf_x86_64) supports shared libraries
configure:8381: result: yes
configure:8418: checking whether -lc should be explicitly linked in
configure:8423: gcc -c -g -O2  conftest.c >&5
configure:8426: $? = 0
configure:8441: gcc -shared conftest.o  -v -Wl,-soname -Wl,conftest -o conftest 2\>\&1 \| /bin/grep  -lc  \>/dev/null 2\>\&1
configure:8444: $? = 0
configure:8456: result: no
configure:8620: checking dynamic linker characteristics
configure:9063: gcc -o conftest -g -O2   -Wl,-rpath -Wl,/foo conftest.c  >&5
configure:9070: $? = 0
configure:9306: result: GNU/Linux ld.so
configure:9408: checking how to hardcode library paths into programs
configure:9433: result: immediate
configure:10266: checking whether stripping libraries is possible
configure:10271: result: yes
configure:10306: checking if libtool supports shared libraries
configure:10308: result: yes
configure:10311: checking whether to build shared libraries
configure:10332: result: yes
configure:10335: checking whether to build static libraries
configure:10339: result: yes
configure:10390: checking for a BSD-compatible install
configure:10458: result: /bin/install -c
configure:10469: checking whether build environment is sane
configure:10529: result: yes
configure:10670: checking for a thread-safe mkdir -p
configure:10709: result: /bin/mkdir -p
configure:10722: checking for gawk
configure:10738: found /bin/gawk
configure:10749: result: gawk
configure:10760: checking whether make sets $(MAKE)
configure:10782: result: yes
configure:10812: checking for style of include used by make
configure:10840: result: GNU
configure:10927: checking dependency style of gcc
configure:11037: result: gcc3
configure:11104: checking for gcc
configure:11131: result: gcc
configure:11363: checking for C compiler version
configure:11371: gcc --version >&5
gcc (GCC) 4.8.3 20140911 (Red Hat 4.8.3-9)
Copyright (C) 2013 Free Software Foundation, Inc.
This is free software; see the source for copying conditions.  There is NO
warranty; not even for MERCHANTABILITY or FITNESS FOR A PARTICULAR PURPOSE.

configure:11375: $? = 0
configure:11382: gcc -v >&5
Using built-in specs.
COLLECT_GCC=gcc
COLLECT_LTO_WRAPPER=/usr/libexec/gcc/x86_64-redhat-linux/4.8.3/lto-wrapper
Target: x86_64-redhat-linux
Configured with: ../configure --prefix=/usr --mandir=/usr/share/man --infodir=/usr/share/info --with-bugurl=http://bugzilla.redhat.com/bugzilla --enable-bootstrap --enable-shared --enable-threads=posix --enable-checking=release --with-system-zlib --enable-__cxa_atexit --disable-libunwind-exceptions --enable-gnu-unique-object --enable-linker-build-id --with-linker-hash-style=gnu --enable-languages=c,c++,objc,obj-c++,java,fortran,ada,go,lto --enable-plugin --enable-initfini-array --disable-libgcj --with-isl=/builddir/build/BUILD/gcc-4.8.3-20140911/obj-x86_64-redhat-linux/isl-install --with-cloog=/builddir/build/BUILD/gcc-4.8.3-20140911/obj-x86_64-redhat-linux/cloog-install --enable-gnu-indirect-function --with-tune=generic --with-arch_32=x86-64 --build=x86_64-redhat-linux
Thread model: posix
gcc version 4.8.3 20140911 (Red Hat 4.8.3-9) (GCC) 
configure:11386: $? = 0
configure:11393: gcc -V >&5
gcc: error: unrecognized command line option '-V'
gcc: fatal error: no input files
compilation terminated.
configure:11397: $? = 4
configure:11400: checking whether we are using the GNU C compiler
configure:11453: result: yes
configure:11462: checking whether gcc accepts -g
configure:11600: result: yes
configure:11617: checking for gcc option to accept ISO C89
configure:11721: result: none needed
configure:11865: creating ./config.status

## ---------------------- ##
## Running config.status. ##
## ---------------------- ##

This file was extended by libpthread_workqueue config.status 0.9, which was
generated by GNU Autoconf 2.63.  Invocation command line was

  CONFIG_FILES    = 
  CONFIG_HEADERS  = 
  CONFIG_LINKS    = 
  CONFIG_COMMANDS = 
  $ ./config.status 

on cube

config.status:983: creating Makefile
config.status:983: creating config.h
config.status:1205: config.h is unchanged
config.status:1257: executing libtool commands
config.status:1257: executing depfiles commands

## ---------------- ##
## Cache variables. ##
## ---------------- ##

ac_cv_build=x86_64-unknown-linux-gnu
ac_cv_c_compiler_gnu=yes
ac_cv_env_CC_set=
ac_cv_env_CC_value=
ac_cv_env_CFLAGS_set=
ac_cv_env_CFLAGS_value=
ac_cv_env_CPPFLAGS_set=
ac_cv_env_CPPFLAGS_value=
ac_cv_env_CPP_set=
ac_cv_env_CPP_value=
ac_cv_env_LDFLAGS_set=
ac_cv_env_LDFLAGS_value=
ac_cv_env_LIBS_set=
ac_cv_env_LIBS_value=
ac_cv_env_build_alias_set=
ac_cv_env_build_alias_value=
ac_cv_env_host_alias_set=
ac_cv_env_host_alias_value=
ac_cv_env_target_alias_set=
ac_cv_env_target_alias_value=
ac_cv_header_dlfcn_h=yes
ac_cv_header_inttypes_h=yes
ac_cv_header_memory_h=yes
ac_cv_header_stdc=yes
ac_cv_header_stdint_h=yes
ac_cv_header_stdlib_h=yes
ac_cv_header_string_h=yes
ac_cv_header_strings_h=yes
ac_cv_header_sys_stat_h=yes
ac_cv_header_sys_types_h=yes
ac_cv_header_unistd_h=yes
ac_cv_host=x86_64-unknown-linux-gnu
ac_cv_objext=o
ac_cv_path_EGREP='/bin/grep -E'
ac_cv_path_FGREP='/bin/grep -F'
ac_cv_path_GREP=/bin/grep
ac_cv_path_SED=/bin/sed
ac_cv_path_install='/bin/install -c'
ac_cv_path_mkdir=/bin/mkdir
ac_cv_prog_AWK=gawk
ac_cv_prog_CPP='gcc -E'
ac_cv_prog_ac_ct_AR=ar
ac_cv_prog_ac_ct_CC=gcc
ac_cv_prog_ac_ct_OBJDUMP=objdump
ac_cv_prog_ac_ct_RANLIB=ranlib
ac_cv_prog_ac_ct_STRIP=strip
ac_cv_prog_cc_c89=
ac_cv_prog_cc_g=yes
ac_cv_prog_make_make_set=yes
am_cv_CC_dependencies_compiler_type=gcc3
lt_cv_deplibs_check_method=pass_all
lt_cv_file_magic_cmd='$MAGIC_CMD'
lt_cv_file_magic_test_file=
lt_cv_ld_reload_flag=-r
lt_cv_nm_interface='BSD nm'
lt_cv_objdir=.libs
lt_cv_path_LD=/bin/ld
lt_cv_path_NM='/bin/nm -B'
lt_cv_prog_compiler_c_o=yes
lt_cv_prog_compiler_pic_works=yes
lt_cv_prog_compiler_rtti_exceptions=no
lt_cv_prog_compiler_static_works=no
lt_cv_prog_gnu_ld=yes
lt_cv_sys_global_symbol_pipe='sed -n -e '\''s/^.*[	 ]\([ABCDGIRSTW][ABCDGIRSTW]*\)[	 ][	 ]*\([_A-Za-z][_A-Za-z0-9]*\)$/\1 \2 \2/p'\'''
lt_cv_sys_global_symbol_to_c_name_address='sed -n -e '\''s/^: \([^ ]*\) $/  {\"\1\", (void *) 0},/p'\'' -e '\''s/^[ABCDGIRSTW]* \([^ ]*\) \([^ ]*\)$/  {"\2", (void *) \&\2},/p'\'''
lt_cv_sys_global_symbol_to_c_name_address_lib_prefix='sed -n -e '\''s/^: \([^ ]*\) $/  {\"\1\", (void *) 0},/p'\'' -e '\''s/^[ABCDGIRSTW]* \([^ ]*\) \(lib[^ ]*\)$/  {"\2", (void *) \&\2},/p'\'' -e '\''s/^[ABCDGIRSTW]* \([^ ]*\) \([^ ]*\)$/  {"lib\2", (void *) \&\2},/p'\'''
lt_cv_sys_global_symbol_to_cdecl='sed -n -e '\''s/^T .* \(.*\)$/extern int \1();/p'\'' -e '\''s/^[ABCDGIRSTW]* .* \(.*\)$/extern char \1;/p'\'''
lt_cv_sys_max_cmd_len=1572864

## ----------------- ##
## Output variables. ##
## ----------------- ##

ACLOCAL='${SHELL} /Users/me/Developer/NextSpace/Libraries/GCD/libpthread_workqueue-0.9/missing --run aclocal-1.11'
AMDEPBACKSLASH='\'
AMDEP_FALSE='#'
AMDEP_TRUE=''
AMTAR='${SHELL} /Users/me/Developer/NextSpace/Libraries/GCD/libpthread_workqueue-0.9/missing --run tar'
AR='ar'
AUTOCONF='${SHELL} /Users/me/Developer/NextSpace/Libraries/GCD/libpthread_workqueue-0.9/missing --run autoconf'
AUTOHEADER='${SHELL} /Users/me/Developer/NextSpace/Libraries/GCD/libpthread_workqueue-0.9/missing --run autoheader'
AUTOMAKE='${SHELL} /Users/me/Developer/NextSpace/Libraries/GCD/libpthread_workqueue-0.9/missing --run automake-1.11'
AWK='gawk'
CC='gcc'
CCDEPMODE='depmode=gcc3'
CFLAGS='-g -O2'
CPP='gcc -E'
CPPFLAGS=''
CYGPATH_W='echo'
DEFS='-DHAVE_CONFIG_H'
DEPDIR='.deps'
DSYMUTIL=''
DUMPBIN=''
ECHO_C=''
ECHO_N='-n'
ECHO_T=''
EGREP='/bin/grep -E'
EXEEXT=''
FGREP='/bin/grep -F'
GREP='/bin/grep'
INSTALL_DATA='${INSTALL} -m 644'
INSTALL_PROGRAM='${INSTALL}'
INSTALL_SCRIPT='${INSTALL}'
INSTALL_STRIP_PROGRAM='$(install_sh) -c -s'
LD='/bin/ld -m elf_x86_64'
LDFLAGS=''
LIBOBJS=''
LIBS=''
LIBTOOL='$(SHELL) $(top_builddir)/libtool'
LIPO=''
LN_S='ln -s'
LTLIBOBJS=''
MAKEINFO='${SHELL} /Users/me/Developer/NextSpace/Libraries/GCD/libpthread_workqueue-0.9/missing --run makeinfo'
MKDIR_P='/bin/mkdir -p'
NM='/bin/nm -B'
NMEDIT=''
OBJDUMP='objdump'
OBJEXT='o'
OTOOL64=''
OTOOL=''
PACKAGE='libpthread_workqueue'
PACKAGE_BUGREPORT=''
PACKAGE_NAME='libpthread_workqueue'
PACKAGE_STRING='libpthread_workqueue 0.9'
PACKAGE_TARNAME='libpthread_workqueue'
PACKAGE_VERSION='0.9'
PATH_SEPARATOR=':'
RANLIB='ranlib'
SED='/bin/sed'
SET_MAKE=''
SHELL='/bin/sh'
STRIP='strip'
VERSION='0.9'
ac_ct_CC='gcc'
ac_ct_DUMPBIN=''
am__EXEEXT_FALSE=''
am__EXEEXT_TRUE='#'
am__fastdepCC_FALSE='#'
am__fastdepCC_TRUE=''
am__include='include'
am__isrc=''
am__leading_dot='.'
am__quote=''
am__tar='${AMTAR} chof - "$$tardir"'
am__untar='${AMTAR} xf -'
bindir='/usr/NextSpace/bin'
build='x86_64-unknown-linux-gnu'
build_alias=''
build_cpu='x86_64'
build_os='linux-gnu'
build_vendor='unknown'
datadir='${datarootdir}'
datarootdir='/usr/NextSpace/share'
docdir='/usr/NextSpace/Documentation/doc'
dvidir='${docdir}'
exec_prefix='${prefix}'
host='x86_64-unknown-linux-gnu'
host_alias=''
host_cpu='x86_64'
host_os='linux-gnu'
host_vendor='unknown'
htmldir='${docdir}'
includedir='/usr/NextSpace/include'
infodir='${datarootdir}/info'
install_sh='${SHELL} /Users/me/Developer/NextSpace/Libraries/GCD/libpthread_workqueue-0.9/install-sh'
libdir='/usr/NextSpace/lib'
libexecdir='${exec_prefix}/libexec'
localedir='${datarootdir}/locale'
localstatedir='${prefix}/var'
lt_ECHO='echo'
mandir='/usr/NextSpace/Documentation/man'
mkdir_p='/bin/mkdir -p'
oldincludedir='/usr/include'
pdfdir='${docdir}'
prefix='/usr/local'
program_transform_name='s,x,x,'
psdir='${docdir}'
sbindir='/usr/NextSpace/sbin'
sharedstatedir='${prefix}/com'
sysconfdir='${prefix}/etc'
target_alias=''

## ----------- ##
## confdefs.h. ##
## ----------- ##

#define PACKAGE_NAME "libpthread_workqueue"
#define PACKAGE_TARNAME "libpthread_workqueue"
#define PACKAGE_VERSION "0.9"
#define PACKAGE_STRING "libpthread_workqueue 0.9"
#define PACKAGE_BUGREPORT ""
#define STDC_HEADERS 1
#define HAVE_SYS_TYPES_H 1
#define HAVE_SYS_STAT_H 1
#define HAVE_STDLIB_H 1
#define HAVE_STRING_H 1
#define HAVE_MEMORY_H 1
#define HAVE_STRINGS_H 1
#define HAVE_INTTYPES_H 1
#define HAVE_STDINT_H 1
#define HAVE_UNISTD_H 1
#define HAVE_DLFCN_H 1
#define LT_OBJDIR ".libs/"
#define PACKAGE "libpthread_workqueue"
#define VERSION "0.9"

configure: exit 0
